Terminals unused in grammar

    END


Grammar

    0 $accept: Input $end

    1 Input: Expression

    2 Expression: Expression IMP Expression
    3           | Expression OR Expression
    4           | Expression AND Expression
    5           | NEG Expression
    6           | LEFT Expression RIGHT
    7           | NAME


Terminals, with rules where they appear

    $end (0) 0
    error (256)
    NAME <name> (258) 7
    IMP (259) 2
    OR (260) 3
    AND (261) 4
    NEG (262) 5
    LEFT (263) 6
    RIGHT (264) 6
    END (265)


Nonterminals, with rules where they appear

    $accept (11)
        on left: 0
    Input <e> (12)
        on left: 1
        on right: 0
    Expression <e> (13)
        on left: 2 3 4 5 6 7
        on right: 1 2 3 4 5 6


State 0

    0 $accept: • Input $end

    NAME  shift, and go to state 1
    NEG   shift, and go to state 2
    LEFT  shift, and go to state 3

    Input       go to state 4
    Expression  go to state 5


State 1

    7 Expression: NAME •

    $default  reduce using rule 7 (Expression)


State 2

    5 Expression: NEG • Expression

    NAME  shift, and go to state 1
    NEG   shift, and go to state 2
    LEFT  shift, and go to state 3

    Expression  go to state 6


State 3

    6 Expression: LEFT • Expression RIGHT

    NAME  shift, and go to state 1
    NEG   shift, and go to state 2
    LEFT  shift, and go to state 3

    Expression  go to state 7


State 4

    0 $accept: Input • $end

    $end  shift, and go to state 8


State 5

    1 Input: Expression •
    2 Expression: Expression • IMP Expression
    3           | Expression • OR Expression
    4           | Expression • AND Expression

    IMP  shift, and go to state 9
    OR   shift, and go to state 10
    AND  shift, and go to state 11

    $default  reduce using rule 1 (Input)


State 6

    2 Expression: Expression • IMP Expression
    3           | Expression • OR Expression
    4           | Expression • AND Expression
    5           | NEG Expression •

    $default  reduce using rule 5 (Expression)


State 7

    2 Expression: Expression • IMP Expression
    3           | Expression • OR Expression
    4           | Expression • AND Expression
    6           | LEFT Expression • RIGHT

    IMP    shift, and go to state 9
    OR     shift, and go to state 10
    AND    shift, and go to state 11
    RIGHT  shift, and go to state 12


State 8

    0 $accept: Input $end •

    $default  accept


State 9

    2 Expression: Expression IMP • Expression

    NAME  shift, and go to state 1
    NEG   shift, and go to state 2
    LEFT  shift, and go to state 3

    Expression  go to state 13


State 10

    3 Expression: Expression OR • Expression

    NAME  shift, and go to state 1
    NEG   shift, and go to state 2
    LEFT  shift, and go to state 3

    Expression  go to state 14


State 11

    4 Expression: Expression AND • Expression

    NAME  shift, and go to state 1
    NEG   shift, and go to state 2
    LEFT  shift, and go to state 3

    Expression  go to state 15


State 12

    6 Expression: LEFT Expression RIGHT •

    $default  reduce using rule 6 (Expression)


State 13

    2 Expression: Expression • IMP Expression
    2           | Expression IMP Expression •
    3           | Expression • OR Expression
    4           | Expression • AND Expression

    IMP  shift, and go to state 9
    OR   shift, and go to state 10
    AND  shift, and go to state 11

    $default  reduce using rule 2 (Expression)


State 14

    2 Expression: Expression • IMP Expression
    3           | Expression • OR Expression
    3           | Expression OR Expression •
    4           | Expression • AND Expression

    AND  shift, and go to state 11

    $default  reduce using rule 3 (Expression)


State 15

    2 Expression: Expression • IMP Expression
    3           | Expression • OR Expression
    4           | Expression • AND Expression
    4           | Expression AND Expression •

    $default  reduce using rule 4 (Expression)
